2021-03-05 17:02:19,875 INFO: Creating session UUID: 06272d93-b0c4-4684-ba98-c88574120e85
2021-03-05 17:02:20,541 INFO: Finding aws account ID: 247703639735
2021-03-05 17:02:20,541 INFO: Starting program...
2021-03-05 17:02:20,542 INFO: Bucket name set to 'webserver-bucket-06272d93-b0c4-4684-ba98-c88574120e85'.
2021-03-05 17:02:20,542 INFO: EC2 Instance name set to 'webserver-06272d93-b0c4-4684-ba98-c88574120e85'.
2021-03-05 17:02:20,542 INFO: Using default webfiles...
2021-03-05 17:02:20,988 ERROR: Key Pair creation failed, due to an unexpected error. Aborting...
2021-03-05 17:02:20,991 INFO: Creating the S3 bucket...
2021-03-05 17:02:21,940 INFO: Bucket successfully created.
2021-03-05 17:02:21,940 INFO: Program complete.
2021-03-05 17:16:01,032 INFO: Creating session UUID: bd57f7da-f0bf-407d-a495-e9ae3e9d9cbf
2021-03-05 17:16:01,699 INFO: Finding aws account ID: 247703639735
2021-03-05 17:16:01,700 INFO: Starting program...
2021-03-05 17:16:01,700 INFO: Bucket name set to 'webserver-bucket-bd57f7da-f0bf-407d-a495-e9ae3e9d9cbf'.
2021-03-05 17:16:01,700 INFO: EC2 Instance name set to 'webserver-bd57f7da-f0bf-407d-a495-e9ae3e9d9cbf'.
2021-03-05 17:16:01,700 INFO: Using default webfiles...
2021-03-05 17:16:02,246 INFO: Key Pair creation succeeded.
2021-03-05 17:16:02,647 INFO: Security Group creation succeeded.
2021-03-05 17:16:03,160 ERROR: Instance creation failed, due to an unexpected error. Aborting...
2021-03-05 17:16:03,161 INFO: Creating the S3 bucket...
2021-03-05 17:16:04,337 INFO: Bucket successfully created.
2021-03-05 17:16:04,337 INFO: Program complete.
2021-03-05 21:24:48,021 INFO: Creating session UUID: 5e4fdfb3-17aa-4a72-826b-2a217895d8a7
2021-03-05 21:24:48,594 INFO: Finding aws account ID: 247703639735
2021-03-05 21:24:48,595 INFO: Starting program...
2021-03-05 21:24:48,595 INFO: Bucket name set to 'webserver-bucket-5e4fdfb3-17aa-4a72-826b-2a217895d8a7'.
2021-03-05 21:24:48,595 INFO: EC2 Instance name set to 'webserver-5e4fdfb3-17aa-4a72-826b-2a217895d8a7'.
2021-03-05 21:24:48,596 INFO: Using default webfiles...
2021-03-05 21:24:49,014 INFO: Key Pair creation succeeded.
2021-03-05 21:24:49,418 ERROR: Security Group creation failed, due to an unexpected error. Aborting...
2021-03-05 21:24:49,418 INFO: Creating the S3 bucket...
2021-03-05 21:24:50,443 INFO: Bucket creation succeeded.
2021-03-05 21:24:50,444 INFO: Program complete.
2021-03-05 21:26:52,284 INFO: Creating session UUID: 179638d2-f16f-4fb3-a88a-94e4b09c08b4
2021-03-05 21:26:52,824 INFO: Finding aws account ID: 247703639735
2021-03-05 21:26:52,824 INFO: Starting program...
2021-03-05 21:26:52,825 INFO: Bucket name set to 'webserver-bucket-179638d2-f16f-4fb3-a88a-94e4b09c08b4'.
2021-03-05 21:26:52,825 INFO: EC2 Instance name set to 'webserver-179638d2-f16f-4fb3-a88a-94e4b09c08b4'.
2021-03-05 21:26:52,825 INFO: Using default webfiles...
2021-03-05 21:26:53,376 INFO: Key Pair creation succeeded.
2021-03-05 21:29:13,915 INFO: Creating session UUID: ed399894-b150-4598-8a2a-3f72623d1e04
2021-03-05 21:29:14,481 INFO: Finding aws account ID: 247703639735
2021-03-05 21:29:14,481 INFO: Starting program...
2021-03-05 21:29:14,481 INFO: Bucket name set to 'webserver-bucket-ed399894-b150-4598-8a2a-3f72623d1e04'.
2021-03-05 21:29:14,481 INFO: EC2 Instance name set to 'webserver-ed399894-b150-4598-8a2a-3f72623d1e04'.
2021-03-05 21:29:14,482 INFO: Using default webfiles...
2021-03-05 21:29:14,967 INFO: Key Pair creation succeeded.
2021-03-05 21:29:15,502 ERROR: Security Group creation failed, due to an unexpected error. Aborting...An error occurred (InvalidParameterValue) when calling the AuthorizeSecurityGroupIngress operation: Invalid value 'null' for protocol. VPC security group rules must specify protocols explicitly.
2021-03-05 21:29:15,502 INFO: Creating the S3 bucket...
2021-03-05 21:29:16,300 INFO: Bucket creation succeeded.
2021-03-05 21:29:16,300 INFO: Program complete.



2021-03-05 22:16:23,780 INFO: Creating session UUID: 288edded-053f-46bc-bf39-85e9cfa9a916
2021-03-05 22:19:43,725 INFO: Creating session UUID: ab8abe66-dd38-49bf-a400-42cd4ea8041e
2021-03-05 22:19:44,397 INFO: Finding aws account ID: 247703639735
2021-03-05 22:19:44,398 INFO: Starting program...
2021-03-05 22:19:44,399 INFO: Bucket name set to 'webserver-bucket-ab8abe66-dd38-49bf-a400-42cd4ea8041e'.
2021-03-05 22:19:44,399 INFO: EC2 Instance name set to 'webserver-ab8abe66-dd38-49bf-a400-42cd4ea8041e'.
2021-03-05 22:19:44,399 INFO: Using default webfiles...
2021-03-05 22:19:44,932 INFO: Key Pair creation succeeded.
2021-03-05 22:19:45,152 ERROR: Security Group creation failed: Parameter validation failed:
Unknown parameter in input: "IpPermitions", must be one of: CidrIp, FromPort, GroupId, GroupName, IpPermissions, IpProtocol, SourceSecurityGroupName, SourceSecurityGroupOwnerId, ToPort, DryRun
2021-03-05 22:19:45,152 INFO: Creating the S3 bucket...
2021-03-05 22:19:45,971 INFO: Bucket creation succeeded.
2021-03-05 22:19:45,971 INFO: Program complete.



2021-03-05 22:31:59,746 INFO: Creating session UUID: 62b3fb46-6779-4794-ba93-3b9b3047e57d
2021-03-05 22:32:00,328 INFO: Finding aws account ID: 247703639735
2021-03-05 22:32:00,328 INFO: Starting program...
2021-03-05 22:32:00,328 INFO: Bucket name set to 'webserver-bucket-62b3fb46-6779-4794-ba93-3b9b3047e57d'.
2021-03-05 22:32:00,329 INFO: EC2 Instance name set to 'webserver-62b3fb46-6779-4794-ba93-3b9b3047e57d'.
2021-03-05 22:32:00,329 INFO: Using default webfiles...
2021-03-05 22:32:00,846 INFO: Key Pair creation succeeded.
2021-03-05 22:32:01,085 ERROR: Security Group creation failed: Parameter validation failed:
Unknown parameter in input: "IpPermitions", must be one of: CidrIp, FromPort, GroupId, GroupName, IpPermissions, IpProtocol, SourceSecurityGroupName, SourceSecurityGroupOwnerId, ToPort, DryRun
2021-03-05 22:32:01,085 INFO: Creating the S3 bucket...
2021-03-05 22:32:02,324 INFO: Bucket creation succeeded.
2021-03-05 22:32:02,324 INFO: Program complete.



2021-03-05 22:33:20,165 INFO: Creating session UUID: ed4460e9-5644-4c82-a643-b79c7fe049d7
2021-03-05 22:33:20,722 INFO: Finding aws account ID: 247703639735
2021-03-05 22:33:20,722 INFO: Starting program...
2021-03-05 22:33:20,723 INFO: Bucket name set to 'webserver-bucket-ed4460e9-5644-4c82-a643-b79c7fe049d7'.
2021-03-05 22:33:20,723 INFO: EC2 Instance name set to 'webserver-ed4460e9-5644-4c82-a643-b79c7fe049d7'.
2021-03-05 22:33:20,723 INFO: Using default webfiles...
2021-03-05 22:33:21,149 INFO: Key Pair creation succeeded.
2021-03-05 22:33:21,317 ERROR: Security Group creation failed: Parameter validation failed:
Unknown parameter in IpPermissions[0].IpRanges[0]: "CirdIp", must be one of: CidrIp, Description
2021-03-05 22:33:21,317 INFO: Creating the S3 bucket...
2021-03-05 22:33:22,132 INFO: Bucket creation succeeded.
2021-03-05 22:33:22,132 INFO: Program complete.



2021-03-05 22:41:30,261 INFO: Creating session UUID: 3db39f2a-9493-476c-9ae6-d973f741f2b4
2021-03-05 22:41:30,785 INFO: Finding aws account ID: 247703639735
2021-03-05 22:41:30,785 INFO: Starting program...
2021-03-05 22:41:30,786 INFO: Bucket name set to 'webserver-bucket-3db39f2a-9493-476c-9ae6-d973f741f2b4'.
2021-03-05 22:41:30,786 INFO: EC2 Instance name set to 'webserver-3db39f2a-9493-476c-9ae6-d973f741f2b4'.
2021-03-05 22:41:30,786 INFO: Using default webfiles...
2021-03-05 22:41:31,214 INFO: Key Pair creation succeeded.
2021-03-05 22:41:31,690 ERROR: Security Group creation failed: An error occurred (InvalidParameterValue) when calling the AuthorizeSecurityGroupIngress operation: Invalid value 'null' for protocol. VPC security group rules must specify protocols explicitly.
2021-03-05 22:41:31,690 INFO: Creating the S3 bucket...
2021-03-05 22:41:32,535 INFO: Bucket creation succeeded.
2021-03-05 22:41:32,536 INFO: Program complete.



2021-03-05 22:50:24,852 INFO: Creating session UUID: 9d3735ce-2b4a-4fdc-8e12-b480d6ffe27f
2021-03-05 22:50:25,405 INFO: Finding aws account ID: 247703639735
2021-03-05 22:50:25,406 INFO: Starting program...
2021-03-05 22:50:25,406 INFO: Bucket name set to 'webserver-bucket-9d3735ce-2b4a-4fdc-8e12-b480d6ffe27f'.
2021-03-05 22:50:25,406 INFO: EC2 Instance name set to 'webserver-9d3735ce-2b4a-4fdc-8e12-b480d6ffe27f'.
2021-03-05 22:50:25,406 INFO: Using default webfiles...
2021-03-05 22:50:25,867 INFO: Key Pair creation succeeded.
2021-03-05 22:50:26,496 ERROR: Security Group creation failed: An error occurred (InvalidParameterValue) when calling the AuthorizeSecurityGroupIngress operation: Invalid value 'Must specify both from and to ports with TCP/UDP.' for portRange.
2021-03-05 22:50:26,496 INFO: Creating the S3 bucket...
2021-03-05 22:50:27,307 INFO: Bucket creation succeeded.
2021-03-05 22:50:27,307 INFO: Program complete.



2021-03-05 22:56:25,640 INFO: Creating session UUID: 20528680-78f8-432a-86e3-7e066be0cc05
2021-03-05 22:56:26,209 INFO: Finding aws account ID: 247703639735
2021-03-05 22:56:26,210 INFO: Starting program...
2021-03-05 22:56:26,210 INFO: Bucket name set to 'webserver-bucket-20528680-78f8-432a-86e3-7e066be0cc05'.
2021-03-05 22:56:26,211 INFO: EC2 Instance name set to 'webserver-20528680-78f8-432a-86e3-7e066be0cc05'.
2021-03-05 22:56:26,211 INFO: Using default webfiles...
2021-03-05 22:56:26,720 INFO: Key Pair creation succeeded.
2021-03-05 22:56:27,754 ERROR: Security Group creation failed: An error occurred (InvalidParameterValue) when calling the AuthorizeSecurityGroupEgress operation: TCP/UDP (from) port (-1) out of range
2021-03-05 22:56:27,754 INFO: Creating the S3 bucket...
2021-03-05 22:56:28,642 INFO: Bucket creation succeeded.
2021-03-05 22:56:28,642 INFO: Program complete.



2021-03-05 22:59:34,555 INFO: Creating session UUID: 1d6ab894-2df6-42b7-8c2a-963acdf1d882
2021-03-05 22:59:35,098 INFO: Finding aws account ID: 247703639735
2021-03-05 22:59:35,099 INFO: Starting program...
2021-03-05 22:59:35,099 INFO: Bucket name set to 'webserver-bucket-1d6ab894-2df6-42b7-8c2a-963acdf1d882'.
2021-03-05 22:59:35,099 INFO: EC2 Instance name set to 'webserver-1d6ab894-2df6-42b7-8c2a-963acdf1d882'.
2021-03-05 22:59:35,100 INFO: Using default webfiles...
2021-03-05 22:59:35,513 INFO: Key Pair creation succeeded.
2021-03-05 22:59:36,382 ERROR: Security Group creation failed: Parameter validation failed:
Invalid type for parameter IpPermissions[0].IpProtocol, value: -1, type: <class 'int'>, valid types: <class 'str'>
2021-03-05 22:59:36,382 INFO: Creating the S3 bucket...
2021-03-05 22:59:37,191 INFO: Bucket creation succeeded.
2021-03-05 22:59:37,192 INFO: Program complete.



2021-03-05 22:59:53,491 INFO: Creating session UUID: 37b2cc6e-cf33-4d0a-8783-40d1938a16af
2021-03-05 22:59:53,994 INFO: Finding aws account ID: 247703639735
2021-03-05 22:59:53,994 INFO: Starting program...
2021-03-05 22:59:53,995 INFO: Bucket name set to 'webserver-bucket-37b2cc6e-cf33-4d0a-8783-40d1938a16af'.
2021-03-05 22:59:53,995 INFO: EC2 Instance name set to 'webserver-37b2cc6e-cf33-4d0a-8783-40d1938a16af'.
2021-03-05 22:59:53,996 INFO: Using default webfiles...
2021-03-05 22:59:54,339 INFO: Key Pair creation succeeded.
2021-03-05 22:59:55,498 ERROR: Security Group creation failed: An error occurred (InvalidPermission.Duplicate) when calling the AuthorizeSecurityGroupEgress operation: the specified rule "peer: 0.0.0.0/0, ALL, ALLOW" already exists
2021-03-05 22:59:55,499 INFO: Creating the S3 bucket...
2021-03-05 22:59:56,359 INFO: Bucket creation succeeded.
2021-03-05 22:59:56,360 INFO: Program complete.



2021-03-05 23:11:16,125 INFO: Creating session UUID: 08fe96a6-a52c-45d3-9436-f55ce06c4320
2021-03-05 23:11:16,724 INFO: Finding aws account ID: 247703639735
2021-03-05 23:11:16,725 INFO: Starting program...
2021-03-05 23:11:16,725 INFO: Bucket name set to 'webserver-bucket-08fe96a6-a52c-45d3-9436-f55ce06c4320'.
2021-03-05 23:11:16,725 INFO: EC2 Instance name set to 'webserver-08fe96a6-a52c-45d3-9436-f55ce06c4320'.
2021-03-05 23:11:16,725 INFO: Using default webfiles...
2021-03-05 23:11:17,194 INFO: Key Pair creation succeeded.
2021-03-05 23:11:18,113 INFO: Security Group creation succeeded.
2021-03-05 23:11:18,274 ERROR: Instance creation failed: Parameter validation failed:
Invalid type for parameter SecurityGroups, value: webserver-security-group-08fe96a6-a52c-45d3-9436-f55ce06c4320, type: <class 'str'>, valid types: <class 'list'>, <class 'tuple'>
2021-03-05 23:11:18,274 INFO: Creating the S3 bucket...
2021-03-05 23:11:19,171 INFO: Bucket creation succeeded.
2021-03-05 23:11:19,172 INFO: Program complete.



2021-03-06 00:07:19,369 INFO: Creating session UUID: 1832a2c2-4d9c-4dd4-9a43-1df2935c4ad2
2021-03-06 00:07:19,964 INFO: Finding aws account ID: 247703639735
2021-03-06 00:07:19,964 INFO: Starting program...
2021-03-06 00:07:19,965 INFO: Bucket name set to 'webserver-bucket-1832a2c2-4d9c-4dd4-9a43-1df2935c4ad2'.
2021-03-06 00:07:19,965 INFO: EC2 Instance name set to 'webserver-1832a2c2-4d9c-4dd4-9a43-1df2935c4ad2'.
2021-03-06 00:07:19,965 INFO: Using default webfiles...
2021-03-06 00:07:20,420 INFO: Key Pair creation succeeded.
2021-03-06 00:07:21,323 INFO: Security Group creation succeeded.
2021-03-06 00:07:21,324 ERROR: Instance creation failed: object str can't be used in 'await' expression
2021-03-06 00:07:21,324 INFO: Creating the S3 bucket...
2021-03-06 00:07:22,178 INFO: Bucket creation succeeded.
2021-03-06 00:07:22,179 INFO: Program complete.



